2025-12-10 13:49:03,933 [WARNING] __main__ - Rejected row from data/imdb_movie_dataset.csv (Rank=8, Title=Mindhorn): Missing Revenue
2025-12-10 13:49:03,938 [WARNING] __main__ - Rejected row from data/imdb_movie_dataset.csv (Rank=23, Title=Hounds of Love): Missing Revenue
2025-12-10 13:49:03,939 [WARNING] __main__ - Rejected row from data/imdb_movie_dataset.csv (Rank=26, Title=Paris pieds nus): Missing Revenue; Missing Metascore
2025-12-10 13:49:03,939 [WARNING] __main__ - Rejected row from data/imdb_movie_dataset.csv (Rank=27, Title=Bahubali: The Beginning): Missing Metascore
2025-12-10 13:49:03,939 [WARNING] __main__ - Rejected row from data/imdb_movie_dataset.csv (Rank=28, Title=Dead Awake): Missing Metascore
2025-12-10 13:49:03,944 [WARNING] __main__ - Rejected row from data/imdb_movie_dataset.csv (Rank=40, Title=5- 25- 77): Missing Revenue; Missing Metascore
2025-12-10 13:49:03,944 [WARNING] __main__ - Rejected row from data/imdb_movie_dataset.csv (Rank=43, Title=Don't Fuck in the Woods): Missing Revenue; Missing Metascore
2025-12-10 13:49:03,945 [WARNING] __main__ - Rejected row from data/imdb_movie_dataset.csv (Rank=48, Title=Fallen): Missing Revenue; Missing Metascore
2025-12-10 13:49:03,946 [WARNING] __main__ - Rejected row from data/imdb_movie_dataset.csv (Rank=50, Title=The Last Face): Missing Revenue
2025-12-10 13:49:03,948 [WARNING] __main__ - Rejected row from data/imdb_movie_dataset.csv (Rank=62, Title=The Autopsy of Jane Doe): Missing Revenue
2025-12-10 13:49:03,950 [WARNING] __main__ - Rejected row from data/imdb_movie_dataset.csv (Rank=71, Title=The Promise): Missing Revenue
2025-12-10 13:49:03,956 [WARNING] __main__ - Rejected row from data/imdb_movie_dataset.csv (Rank=104, Title=Contratiempo): Missing Revenue; Missing Metascore
2025-12-10 13:49:03,957 [WARNING] __main__ - Rejected row from data/imdb_movie_dataset.csv (Rank=109, Title=All We Had): Missing Revenue
2025-12-10 13:49:03,957 [WARNING] __main__ - Rejected row from data/imdb_movie_dataset.csv (Rank=113, Title=The Bad Batch): Missing Revenue
2025-12-10 13:49:03,959 [WARNING] __main__ - Rejected row from data/imdb_movie_dataset.csv (Rank=118, Title=Dangal): Missing Metascore
2025-12-10 13:49:03,960 [WARNING] __main__ - Rejected row from data/imdb_movie_dataset.csv (Rank=124, Title=Boyka: Undisputed IV): Missing Revenue; Missing Metascore
2025-12-10 13:49:03,963 [WARNING] __main__ - Rejected row from data/imdb_movie_dataset.csv (Rank=140, Title=Brimstone): Missing Revenue
2025-12-10 13:49:03,965 [WARNING] __main__ - Rejected row from data/imdb_movie_dataset.csv (Rank=155, Title=Twin Peaks: The Missing Pieces): Missing Revenue; Missing Metascore
2025-12-10 13:49:03,966 [WARNING] __main__ - Rejected row from data/imdb_movie_dataset.csv (Rank=161, Title=Mine): Missing Revenue
2025-12-10 13:49:03,967 [WARNING] __main__ - Rejected row from data/imdb_movie_dataset.csv (Rank=173, Title=Beyond the Gates): Missing Revenue
2025-12-10 13:49:03,969 [WARNING] __main__ - Rejected row from data/imdb_movie_dataset.csv (Rank=184, Title=Realive): Missing Revenue; Missing Metascore
2025-12-10 13:49:03,969 [WARNING] __main__ - Rejected row from data/imdb_movie_dataset.csv (Rank=186, Title=Love): Missing Revenue
2025-12-10 13:49:03,970 [WARNING] __main__ - Rejected row from data/imdb_movie_dataset.csv (Rank=192, Title=Below Her Mouth): Missing Revenue
2025-12-10 13:49:03,971 [WARNING] __main__ - Rejected row from data/imdb_movie_dataset.csv (Rank=197, Title=Hacker): Missing Revenue; Missing Metascore
2025-12-10 13:49:03,972 [WARNING] __main__ - Rejected row from data/imdb_movie_dataset.csv (Rank=210, Title=The Girl with All the Gifts): Missing Revenue
2025-12-10 13:49:03,973 [WARNING] __main__ - Rejected row from data/imdb_movie_dataset.csv (Rank=214, Title=Old Boy): Missing Revenue
2025-12-10 13:49:03,973 [WARNING] __main__ - Rejected row from data/imdb_movie_dataset.csv (Rank=219, Title=A Dark Song): Missing Revenue
2025-12-10 13:49:03,974 [WARNING] __main__ - Rejected row from data/imdb_movie_dataset.csv (Rank=230, Title=Rupture): Missing Revenue
2025-12-10 13:49:03,978 [WARNING] __main__ - Rejected row from data/imdb_movie_dataset.csv (Rank=270, Title=Satanic): Missing Revenue; Missing Metascore
2025-12-10 13:49:03,978 [WARNING] __main__ - Rejected row from data/imdb_movie_dataset.csv (Rank=275, Title=Ballerina): Missing Revenue; Missing Metascore
2025-12-10 13:49:03,979 [WARNING] __main__ - Rejected row from data/imdb_movie_dataset.csv (Rank=283, Title=Death Proof): Missing Revenue; Missing Metascore
2025-12-10 13:49:03,980 [WARNING] __main__ - Rejected row from data/imdb_movie_dataset.csv (Rank=290, Title=Iris): Missing Revenue; Missing Metascore
2025-12-10 13:49:03,980 [WARNING] __main__ - Rejected row from data/imdb_movie_dataset.csv (Rank=294, Title=The Exception): Missing Revenue; Missing Metascore
2025-12-10 13:49:03,981 [WARNING] __main__ - Rejected row from data/imdb_movie_dataset.csv (Rank=308, Title=Vincent N Roxxy): Missing Revenue; Missing Metascore
2025-12-10 13:49:03,982 [WARNING] __main__ - Rejected row from data/imdb_movie_dataset.csv (Rank=318, Title=The Stakelander): Missing Revenue; Missing Metascore
2025-12-10 13:49:03,984 [WARNING] __main__ - Rejected row from data/imdb_movie_dataset.csv (Rank=336, Title=Before I Wake): Missing Revenue; Missing Metascore
2025-12-10 13:49:03,984 [WARNING] __main__ - Rejected row from data/imdb_movie_dataset.csv (Rank=338, Title=Tracktown): Missing Revenue
2025-12-10 13:49:03,985 [WARNING] __main__ - Rejected row from data/imdb_movie_dataset.csv (Rank=351, Title=Lady Macbeth): Missing Revenue
2025-12-10 13:49:03,986 [WARNING] __main__ - Rejected row from data/imdb_movie_dataset.csv (Rank=357, Title=Demain tout commence): Missing Revenue; Missing Metascore
2025-12-10 13:49:03,986 [WARNING] __main__ - Rejected row from data/imdb_movie_dataset.csv (Rank=368, Title=American Wrestler: The Wizard): Missing Revenue; Missing Metascore
2025-12-10 13:49:03,988 [WARNING] __main__ - Rejected row from data/imdb_movie_dataset.csv (Rank=383, Title=Hush): Missing Revenue
2025-12-10 13:49:03,989 [WARNING] __main__ - Rejected row from data/imdb_movie_dataset.csv (Rank=394, Title=Whisky Galore): Missing Revenue
2025-12-10 13:49:03,989 [WARNING] __main__ - Rejected row from data/imdb_movie_dataset.csv (Rank=399, Title=Absolutely Anything): Missing Revenue
2025-12-10 13:49:03,990 [WARNING] __main__ - Rejected row from data/imdb_movie_dataset.csv (Rank=402, Title=The Black Room): Missing Revenue
2025-12-10 13:49:03,990 [WARNING] __main__ - Rejected row from data/imdb_movie_dataset.csv (Rank=403, Title=Bronson): Missing Metascore
2025-12-10 13:49:03,991 [WARNING] __main__ - Rejected row from data/imdb_movie_dataset.csv (Rank=414, Title=Elle): Missing Revenue
2025-12-10 13:49:03,991 [WARNING] __main__ - Rejected row from data/imdb_movie_dataset.csv (Rank=417, Title=The Headhunter's Calling): Missing Revenue
2025-12-10 13:49:03,991 [WARNING] __main__ - Rejected row from data/imdb_movie_dataset.csv (Rank=418, Title=Atonement): Missing Metascore
2025-12-10 13:49:03,992 [WARNING] __main__ - Rejected row from data/imdb_movie_dataset.csv (Rank=429, Title=Srpski film): Missing Revenue
2025-12-10 13:49:03,992 [WARNING] __main__ - Rejected row from data/imdb_movie_dataset.csv (Rank=430, Title=The Purge: Election Year): Missing Metascore
2025-12-10 13:49:03,993 [WARNING] __main__ - Rejected row from data/imdb_movie_dataset.csv (Rank=435, Title=Let Me Make You a Martyr): Missing Revenue
2025-12-10 13:49:03,993 [WARNING] __main__ - Rejected row from data/imdb_movie_dataset.csv (Rank=436, Title=Filth): Missing Metascore
2025-12-10 13:49:03,993 [WARNING] __main__ - Rejected row from data/imdb_movie_dataset.csv (Rank=440, Title=Folk Hero & Funny Guy): Missing Revenue
2025-12-10 13:49:03,994 [WARNING] __main__ - Rejected row from data/imdb_movie_dataset.csv (Rank=445, Title=The Thinning): Missing Revenue
2025-12-10 13:49:03,994 [WARNING] __main__ - Rejected row from data/imdb_movie_dataset.csv (Rank=446, Title=Silent Hill): Missing Metascore
2025-12-10 13:49:03,996 [WARNING] __main__ - Rejected row from data/imdb_movie_dataset.csv (Rank=464, Title=Predestination): Missing Revenue
2025-12-10 13:49:03,997 [WARNING] __main__ - Rejected row from data/imdb_movie_dataset.csv (Rank=478, Title=Pet): Missing Revenue
2025-12-10 13:49:03,997 [WARNING] __main__ - Rejected row from data/imdb_movie_dataset.csv (Rank=479, Title=Paint It Black): Missing Revenue
2025-12-10 13:49:03,997 [WARNING] __main__ - Rejected row from data/imdb_movie_dataset.csv (Rank=480, Title=Macbeth): Missing Revenue
2025-12-10 13:49:03,998 [WARNING] __main__ - Rejected row from data/imdb_movie_dataset.csv (Rank=484, Title=Perfetti sconosciuti): Missing Revenue
2025-12-10 13:49:03,998 [WARNING] __main__ - Rejected row from data/imdb_movie_dataset.csv (Rank=485, Title=Angry Birds): Missing Metascore
2025-12-10 13:49:03,999 [WARNING] __main__ - Rejected row from data/imdb_movie_dataset.csv (Rank=503, Title=Imperium): Missing Revenue
2025-12-10 13:49:03,999 [WARNING] __main__ - Rejected row from data/imdb_movie_dataset.csv (Rank=505, Title=Mr. Nobody): Missing Revenue
2025-12-10 13:49:04,000 [WARNING] __main__ - Rejected row from data/imdb_movie_dataset.csv (Rank=506, Title=City of Tiny Lights): Missing Revenue
2025-12-10 13:49:04,000 [WARNING] __main__ - Rejected row from data/imdb_movie_dataset.csv (Rank=515, Title=Magic Mike XXL): Missing Revenue
2025-12-10 13:49:04,001 [WARNING] __main__ - Rejected row from data/imdb_movie_dataset.csv (Rank=524, Title=Whiskey Tango Foxtrot): Missing Revenue; Missing Metascore
2025-12-10 13:49:04,001 [WARNING] __main__ - Rejected row from data/imdb_movie_dataset.csv (Rank=527, Title=Elysium): Missing Revenue; Missing Metascore
2025-12-10 13:49:04,002 [WARNING] __main__ - Rejected row from data/imdb_movie_dataset.csv (Rank=533, Title=Deja Vu): Missing Revenue; Missing Metascore
2025-12-10 13:49:04,002 [WARNING] __main__ - Rejected row from data/imdb_movie_dataset.csv (Rank=539, Title=True Crimes): Missing Revenue
2025-12-10 13:49:04,003 [WARNING] __main__ - Rejected row from data/imdb_movie_dataset.csv (Rank=540, Title=American Pastoral): Missing Revenue; Missing Metascore
2025-12-10 13:49:04,003 [WARNING] __main__ - Rejected row from data/imdb_movie_dataset.csv (Rank=543, Title=Spectral): Missing Revenue
2025-12-10 13:49:04,003 [WARNING] __main__ - Rejected row from data/imdb_movie_dataset.csv (Rank=544, Title=P.S. I Love You): Missing Metascore
2025-12-10 13:49:04,003 [WARNING] __main__ - Rejected row from data/imdb_movie_dataset.csv (Rank=545, Title=Zipper): Missing Revenue
2025-12-10 13:49:04,004 [WARNING] __main__ - Rejected row from data/imdb_movie_dataset.csv (Rank=550, Title=I, Daniel Blake): Missing Revenue
2025-12-10 13:49:04,004 [WARNING] __main__ - Rejected row from data/imdb_movie_dataset.csv (Rank=554, Title=The Survivalist): Missing Revenue
2025-12-10 13:49:04,004 [WARNING] __main__ - Rejected row from data/imdb_movie_dataset.csv (Rank=555, Title=Colonia): Missing Revenue
2025-12-10 13:49:04,006 [WARNING] __main__ - Rejected row from data/imdb_movie_dataset.csv (Rank=582, Title=The Last Airbender): Missing Revenue
2025-12-10 13:49:04,008 [WARNING] __main__ - Rejected row from data/imdb_movie_dataset.csv (Rank=603, Title=He's Just Not That Into You): Missing Revenue
2025-12-10 13:49:04,008 [WARNING] __main__ - Rejected row from data/imdb_movie_dataset.csv (Rank=606, Title=Handsome Devil): Missing Revenue; Missing Metascore
2025-12-10 13:49:04,009 [WARNING] __main__ - Rejected row from data/imdb_movie_dataset.csv (Rank=607, Title=Winter's Bone): Missing Revenue; Missing Metascore
2025-12-10 13:49:04,010 [WARNING] __main__ - Rejected row from data/imdb_movie_dataset.csv (Rank=618, Title=Free State of Jones): Missing Revenue; Missing Metascore
2025-12-10 13:49:04,011 [WARNING] __main__ - Rejected row from data/imdb_movie_dataset.csv (Rank=628, Title=The Escort): Missing Revenue
2025-12-10 13:49:04,011 [WARNING] __main__ - Rejected row from data/imdb_movie_dataset.csv (Rank=629, Title=The Whole Truth): Missing Revenue; Missing Metascore
2025-12-10 13:49:04,011 [WARNING] __main__ - Rejected row from data/imdb_movie_dataset.csv (Rank=634, Title=Megan Is Missing): Missing Revenue
2025-12-10 13:49:04,011 [WARNING] __main__ - Rejected row from data/imdb_movie_dataset.csv (Rank=635, Title=WALL·E): Missing Metascore
2025-12-10 13:49:04,012 [WARNING] __main__ - Rejected row from data/imdb_movie_dataset.csv (Rank=643, Title=The Ridiculous 6): Missing Revenue
2025-12-10 13:49:04,012 [WARNING] __main__ - Rejected row from data/imdb_movie_dataset.csv (Rank=645, Title=Viral): Missing Revenue
2025-12-10 13:49:04,012 [WARNING] __main__ - Rejected row from data/imdb_movie_dataset.csv (Rank=646, Title=Gran Torino): Missing Metascore
2025-12-10 13:49:04,013 [WARNING] __main__ - Rejected row from data/imdb_movie_dataset.csv (Rank=648, Title=Tall Men): Missing Revenue
2025-12-10 13:49:04,013 [WARNING] __main__ - Rejected row from data/imdb_movie_dataset.csv (Rank=649, Title=Sleeping Beauty): Missing Metascore
2025-12-10 13:49:04,013 [WARNING] __main__ - Rejected row from data/imdb_movie_dataset.csv (Rank=652, Title=Solace): Missing Revenue
2025-12-10 13:49:04,013 [WARNING] __main__ - Rejected row from data/imdb_movie_dataset.csv (Rank=655, Title=The Levelling): Missing Revenue
2025-12-10 13:49:04,015 [WARNING] __main__ - Rejected row from data/imdb_movie_dataset.csv (Rank=671, Title=Devil's Knot): Missing Revenue
2025-12-10 13:49:04,015 [WARNING] __main__ - Rejected row from data/imdb_movie_dataset.csv (Rank=675, Title=War on Everyone): Missing Revenue
2025-12-10 13:49:04,017 [WARNING] __main__ - Rejected row from data/imdb_movie_dataset.csv (Rank=693, Title=Genius): Missing Metascore
2025-12-10 13:49:04,017 [WARNING] __main__ - Rejected row from data/imdb_movie_dataset.csv (Rank=696, Title=Hachi: A Dog's Tale): Missing Revenue
2025-12-10 13:49:04,017 [WARNING] __main__ - Rejected row from data/imdb_movie_dataset.csv (Rank=697, Title=10 Years): Missing Metascore
2025-12-10 13:49:04,017 [WARNING] __main__ - Rejected row from data/imdb_movie_dataset.csv (Rank=700, Title=The Matchbreaker): Missing Revenue
2025-12-10 13:49:04,018 [WARNING] __main__ - Rejected row from data/imdb_movie_dataset.csv (Rank=701, Title=Funny Games): Missing Metascore
2025-12-10 13:49:04,019 [WARNING] __main__ - Rejected row from data/imdb_movie_dataset.csv (Rank=706, Title=The Neighbor): Missing Revenue
2025-12-10 13:49:04,019 [WARNING] __main__ - Rejected row from data/imdb_movie_dataset.csv (Rank=707, Title=The Adjustment Bureau): Missing Metascore
2025-12-10 13:49:04,021 [WARNING] __main__ - Rejected row from data/imdb_movie_dataset.csv (Rank=733, Title=This Beautiful Fantastic): Missing Revenue
2025-12-10 13:49:04,022 [WARNING] __main__ - Rejected row from data/imdb_movie_dataset.csv (Rank=747, Title=Only for One Night): Missing Revenue
2025-12-10 13:49:04,022 [WARNING] __main__ - Rejected row from data/imdb_movie_dataset.csv (Rank=748, Title=Rules Don't Apply): Missing Metascore
2025-12-10 13:49:04,023 [WARNING] __main__ - Rejected row from data/imdb_movie_dataset.csv (Rank=755, Title=Lída Baarová): Missing Revenue
2025-12-10 13:49:04,023 [WARNING] __main__ - Rejected row from data/imdb_movie_dataset.csv (Rank=756, Title=The Road): Missing Metascore
2025-12-10 13:49:04,023 [WARNING] __main__ - Rejected row from data/imdb_movie_dataset.csv (Rank=757, Title=Lavender): Missing Revenue
2025-12-10 13:49:04,023 [WARNING] __main__ - Rejected row from data/imdb_movie_dataset.csv (Rank=758, Title=Deuces): Missing Revenue
2025-12-10 13:49:04,024 [WARNING] __main__ - Rejected row from data/imdb_movie_dataset.csv (Rank=759, Title=Conan the Barbarian): Missing Metascore
2025-12-10 13:49:04,024 [WARNING] __main__ - Rejected row from data/imdb_movie_dataset.csv (Rank=767, Title=Ender's Game): Missing Metascore
2025-12-10 13:49:04,025 [WARNING] __main__ - Rejected row from data/imdb_movie_dataset.csv (Rank=772, Title=The Assignment): Missing Revenue
2025-12-10 13:49:04,025 [WARNING] __main__ - Rejected row from data/imdb_movie_dataset.csv (Rank=778, Title=Final Girl): Missing Revenue
2025-12-10 13:49:04,025 [WARNING] __main__ - Rejected row from data/imdb_movie_dataset.csv (Rank=779, Title=Chalk It Up): Missing Revenue; Missing Metascore
2025-12-10 13:49:04,026 [WARNING] __main__ - Rejected row from data/imdb_movie_dataset.csv (Rank=780, Title=The Man Who Knew Infinity): Missing Metascore
2025-12-10 13:49:04,026 [WARNING] __main__ - Rejected row from data/imdb_movie_dataset.csv (Rank=784, Title=Tramps): Missing Revenue
2025-12-10 13:49:04,026 [WARNING] __main__ - Rejected row from data/imdb_movie_dataset.csv (Rank=787, Title=The Secret Scripture): Missing Revenue
2025-12-10 13:49:04,027 [WARNING] __main__ - Rejected row from data/imdb_movie_dataset.csv (Rank=801, Title=Yoga Hosers): Missing Revenue
2025-12-10 13:49:04,028 [WARNING] __main__ - Rejected row from data/imdb_movie_dataset.csv (Rank=810, Title=USS Indianapolis: Men of Courage): Missing Revenue
2025-12-10 13:49:04,029 [WARNING] __main__ - Rejected row from data/imdb_movie_dataset.csv (Rank=817, Title=I.T.): Missing Revenue
2025-12-10 13:49:04,029 [WARNING] __main__ - Rejected row from data/imdb_movie_dataset.csv (Rank=820, Title=Wolves at the Door): Missing Revenue
2025-12-10 13:49:04,029 [WARNING] __main__ - Rejected row from data/imdb_movie_dataset.csv (Rank=821, Title=Suite Française): Missing Revenue; Missing Metascore
2025-12-10 13:49:04,030 [WARNING] __main__ - Rejected row from data/imdb_movie_dataset.csv (Rank=825, Title=Man Down): Missing Revenue
2025-12-10 13:49:04,030 [WARNING] __main__ - Rejected row from data/imdb_movie_dataset.csv (Rank=826, Title=Crawlspace): Missing Revenue
2025-12-10 13:49:04,030 [WARNING] __main__ - Rejected row from data/imdb_movie_dataset.csv (Rank=827, Title=Shut In): Missing Metascore
2025-12-10 13:49:04,030 [WARNING] __main__ - Rejected row from data/imdb_movie_dataset.csv (Rank=828, Title=The Warriors Gate): Missing Revenue
2025-12-10 13:49:04,030 [WARNING] __main__ - Rejected row from data/imdb_movie_dataset.csv (Rank=829, Title=Grindhouse): Missing Metascore
2025-12-10 13:49:04,031 [WARNING] __main__ - Rejected row from data/imdb_movie_dataset.csv (Rank=839, Title=Exposed): Missing Revenue
2025-12-10 13:49:04,031 [WARNING] __main__ - Rejected row from data/imdb_movie_dataset.csv (Rank=840, Title=Maudie): Missing Revenue
2025-12-10 13:49:04,032 [WARNING] __main__ - Rejected row from data/imdb_movie_dataset.csv (Rank=849, Title=Mean Dreams): Missing Revenue
2025-12-10 13:49:04,033 [WARNING] __main__ - Rejected row from data/imdb_movie_dataset.csv (Rank=862, Title=Koe no katachi): Missing Revenue
2025-12-10 13:49:04,033 [WARNING] __main__ - Rejected row from data/imdb_movie_dataset.csv (Rank=865, Title=The 9th Life of Louis Drax): Missing Revenue
2025-12-10 13:49:04,035 [WARNING] __main__ - Rejected row from data/imdb_movie_dataset.csv (Rank=891, Title=The Intent): Missing Revenue
2025-12-10 13:49:04,035 [WARNING] __main__ - Rejected row from data/imdb_movie_dataset.csv (Rank=892, Title=This Is 40): Missing Metascore
2025-12-10 13:49:04,036 [WARNING] __main__ - Rejected row from data/imdb_movie_dataset.csv (Rank=896, Title=Planet Terror): Missing Revenue
2025-12-10 13:49:04,036 [WARNING] __main__ - Rejected row from data/imdb_movie_dataset.csv (Rank=897, Title=Concussion): Missing Metascore
2025-12-10 13:49:04,037 [WARNING] __main__ - Rejected row from data/imdb_movie_dataset.csv (Rank=906, Title=In Dubious Battle): Missing Revenue
2025-12-10 13:49:04,037 [WARNING] __main__ - Rejected row from data/imdb_movie_dataset.csv (Rank=912, Title=I Am the Pretty Thing That Lives in the House): Missing Revenue
2025-12-10 13:49:04,038 [WARNING] __main__ - Rejected row from data/imdb_movie_dataset.csv (Rank=918, Title=The Girl Next Door): Missing Revenue
2025-12-10 13:49:04,039 [WARNING] __main__ - Rejected row from data/imdb_movie_dataset.csv (Rank=929, Title=Good Kids): Missing Revenue
2025-12-10 13:49:04,039 [WARNING] __main__ - Rejected row from data/imdb_movie_dataset.csv (Rank=930, Title=The Master): Missing Metascore
2025-12-10 13:49:04,039 [WARNING] __main__ - Rejected row from data/imdb_movie_dataset.csv (Rank=933, Title=The Ticket): Missing Revenue
2025-12-10 13:49:04,039 [WARNING] __main__ - Rejected row from data/imdb_movie_dataset.csv (Rank=934, Title=Detour): Missing Revenue
2025-12-10 13:49:04,040 [WARNING] __main__ - Rejected row from data/imdb_movie_dataset.csv (Rank=939, Title=The Siege of Jadotville): Missing Revenue
2025-12-10 13:49:04,040 [WARNING] __main__ - Rejected row from data/imdb_movie_dataset.csv (Rank=940, Title=Up in the Air): Missing Metascore
2025-12-10 13:49:04,040 [WARNING] __main__ - Rejected row from data/imdb_movie_dataset.csv (Rank=943, Title=Transpecos): Missing Revenue
2025-12-10 13:49:04,040 [WARNING] __main__ - Rejected row from data/imdb_movie_dataset.csv (Rank=946, Title=Triangle): Missing Revenue
2025-12-10 13:49:04,040 [WARNING] __main__ - Rejected row from data/imdb_movie_dataset.csv (Rank=947, Title=The Butler): Missing Metascore
2025-12-10 13:49:04,042 [WARNING] __main__ - Rejected row from data/imdb_movie_dataset.csv (Rank=965, Title=Custody): Missing Revenue
2025-12-10 13:49:04,042 [WARNING] __main__ - Rejected row from data/imdb_movie_dataset.csv (Rank=966, Title=Inland Empire): Missing Revenue; Missing Metascore
2025-12-10 13:49:04,042 [WARNING] __main__ - Rejected row from data/imdb_movie_dataset.csv (Rank=967, Title=L'odyssée): Missing Revenue
2025-12-10 13:49:04,042 [WARNING] __main__ - Rejected row from data/imdb_movie_dataset.csv (Rank=968, Title=The Walk): Missing Metascore
2025-12-10 13:49:04,043 [WARNING] __main__ - Rejected row from data/imdb_movie_dataset.csv (Rank=969, Title=Wrecker): Missing Revenue
2025-12-10 13:49:04,043 [WARNING] __main__ - Rejected row from data/imdb_movie_dataset.csv (Rank=970, Title=The Lone Ranger): Missing Metascore
2025-12-10 13:49:04,043 [WARNING] __main__ - Rejected row from data/imdb_movie_dataset.csv (Rank=972, Title=Disturbia): Missing Metascore
2025-12-10 13:49:04,043 [WARNING] __main__ - Rejected row from data/imdb_movie_dataset.csv (Rank=977, Title=Dark Places): Missing Revenue
2025-12-10 13:49:04,044 [WARNING] __main__ - Rejected row from data/imdb_movie_dataset.csv (Rank=978, Title=Amateur Night): Missing Revenue
2025-12-10 13:49:04,044 [WARNING] __main__ - Rejected row from data/imdb_movie_dataset.csv (Rank=979, Title=It's Only the End of the World): Missing Revenue
2025-12-10 13:49:04,045 [WARNING] __main__ - Rejected row from data/imdb_movie_dataset.csv (Rank=989, Title=Martyrs): Missing Revenue
2025-12-10 13:49:04,045 [WARNING] __main__ - Rejected row from data/imdb_movie_dataset.csv (Rank=990, Title=Selma): Missing Metascore
2025-12-10 13:49:04,045 [WARNING] __main__ - Rejected row from data/imdb_movie_dataset.csv (Rank=993, Title=Take Me Home Tonight): Missing Metascore
2025-12-10 13:49:04,045 [WARNING] __main__ - Rejected row from data/imdb_movie_dataset.csv (Rank=996, Title=Secret in Their Eyes): Missing Revenue
2025-12-10 13:49:04,046 [WARNING] __main__ - Rejected row from data/imdb_movie_dataset.csv (Rank=999, Title=Search Party): Missing Revenue
2025-12-10 13:49:04,046 [INFO] __main__ - Run complete: inserted=838, rejected=162
2025-12-10 13:49:04,082 [INFO] __main__ - Exported 838 cleaned rows to outputs/clean_imdb_movies.csv
2025-12-11 09:26:20,224 [WARNING] __main__ - Rejected row from data/imdb_movie_dataset.csv (Rank=8, Title=Mindhorn): Missing Revenue
2025-12-11 09:26:20,228 [WARNING] __main__ - Rejected row from data/imdb_movie_dataset.csv (Rank=23, Title=Hounds of Love): Missing Revenue
2025-12-11 09:26:20,229 [WARNING] __main__ - Rejected row from data/imdb_movie_dataset.csv (Rank=26, Title=Paris pieds nus): Missing Revenue; Missing Metascore
2025-12-11 09:26:20,229 [WARNING] __main__ - Rejected row from data/imdb_movie_dataset.csv (Rank=27, Title=Bahubali: The Beginning): Missing Metascore
2025-12-11 09:26:20,230 [WARNING] __main__ - Rejected row from data/imdb_movie_dataset.csv (Rank=28, Title=Dead Awake): Missing Metascore
2025-12-11 09:26:20,233 [WARNING] __main__ - Rejected row from data/imdb_movie_dataset.csv (Rank=40, Title=5- 25- 77): Missing Revenue; Missing Metascore
2025-12-11 09:26:20,233 [WARNING] __main__ - Rejected row from data/imdb_movie_dataset.csv (Rank=43, Title=Don't Fuck in the Woods): Missing Revenue; Missing Metascore
2025-12-11 09:26:20,235 [WARNING] __main__ - Rejected row from data/imdb_movie_dataset.csv (Rank=48, Title=Fallen): Missing Revenue; Missing Metascore
2025-12-11 09:26:20,235 [WARNING] __main__ - Rejected row from data/imdb_movie_dataset.csv (Rank=50, Title=The Last Face): Missing Revenue
2025-12-11 09:26:20,238 [WARNING] __main__ - Rejected row from data/imdb_movie_dataset.csv (Rank=62, Title=The Autopsy of Jane Doe): Missing Revenue
2025-12-11 09:26:20,239 [WARNING] __main__ - Rejected row from data/imdb_movie_dataset.csv (Rank=71, Title=The Promise): Missing Revenue
2025-12-11 09:26:20,245 [WARNING] __main__ - Rejected row from data/imdb_movie_dataset.csv (Rank=104, Title=Contratiempo): Missing Revenue; Missing Metascore
2025-12-11 09:26:20,246 [WARNING] __main__ - Rejected row from data/imdb_movie_dataset.csv (Rank=109, Title=All We Had): Missing Revenue
2025-12-11 09:26:20,247 [WARNING] __main__ - Rejected row from data/imdb_movie_dataset.csv (Rank=113, Title=The Bad Batch): Missing Revenue
2025-12-11 09:26:20,247 [WARNING] __main__ - Rejected row from data/imdb_movie_dataset.csv (Rank=118, Title=Dangal): Missing Metascore
2025-12-11 09:26:20,248 [WARNING] __main__ - Rejected row from data/imdb_movie_dataset.csv (Rank=124, Title=Boyka: Undisputed IV): Missing Revenue; Missing Metascore
2025-12-11 09:26:20,251 [WARNING] __main__ - Rejected row from data/imdb_movie_dataset.csv (Rank=140, Title=Brimstone): Missing Revenue
2025-12-11 09:26:20,253 [WARNING] __main__ - Rejected row from data/imdb_movie_dataset.csv (Rank=155, Title=Twin Peaks: The Missing Pieces): Missing Revenue; Missing Metascore
2025-12-11 09:26:20,254 [WARNING] __main__ - Rejected row from data/imdb_movie_dataset.csv (Rank=161, Title=Mine): Missing Revenue
2025-12-11 09:26:20,255 [WARNING] __main__ - Rejected row from data/imdb_movie_dataset.csv (Rank=173, Title=Beyond the Gates): Missing Revenue
2025-12-11 09:26:20,256 [WARNING] __main__ - Rejected row from data/imdb_movie_dataset.csv (Rank=184, Title=Realive): Missing Revenue; Missing Metascore
2025-12-11 09:26:20,256 [WARNING] __main__ - Rejected row from data/imdb_movie_dataset.csv (Rank=186, Title=Love): Missing Revenue
2025-12-11 09:26:20,257 [WARNING] __main__ - Rejected row from data/imdb_movie_dataset.csv (Rank=192, Title=Below Her Mouth): Missing Revenue
2025-12-11 09:26:20,257 [WARNING] __main__ - Rejected row from data/imdb_movie_dataset.csv (Rank=197, Title=Hacker): Missing Revenue; Missing Metascore
2025-12-11 09:26:20,259 [WARNING] __main__ - Rejected row from data/imdb_movie_dataset.csv (Rank=210, Title=The Girl with All the Gifts): Missing Revenue
2025-12-11 09:26:20,259 [WARNING] __main__ - Rejected row from data/imdb_movie_dataset.csv (Rank=214, Title=Old Boy): Missing Revenue
2025-12-11 09:26:20,260 [WARNING] __main__ - Rejected row from data/imdb_movie_dataset.csv (Rank=219, Title=A Dark Song): Missing Revenue
2025-12-11 09:26:20,261 [WARNING] __main__ - Rejected row from data/imdb_movie_dataset.csv (Rank=230, Title=Rupture): Missing Revenue
2025-12-11 09:26:20,264 [WARNING] __main__ - Rejected row from data/imdb_movie_dataset.csv (Rank=270, Title=Satanic): Missing Revenue; Missing Metascore
2025-12-11 09:26:20,265 [WARNING] __main__ - Rejected row from data/imdb_movie_dataset.csv (Rank=275, Title=Ballerina): Missing Revenue; Missing Metascore
2025-12-11 09:26:20,266 [WARNING] __main__ - Rejected row from data/imdb_movie_dataset.csv (Rank=283, Title=Death Proof): Missing Revenue; Missing Metascore
2025-12-11 09:26:20,266 [WARNING] __main__ - Rejected row from data/imdb_movie_dataset.csv (Rank=290, Title=Iris): Missing Revenue; Missing Metascore
2025-12-11 09:26:20,266 [WARNING] __main__ - Rejected row from data/imdb_movie_dataset.csv (Rank=294, Title=The Exception): Missing Revenue; Missing Metascore
2025-12-11 09:26:20,268 [WARNING] __main__ - Rejected row from data/imdb_movie_dataset.csv (Rank=308, Title=Vincent N Roxxy): Missing Revenue; Missing Metascore
2025-12-11 09:26:20,269 [WARNING] __main__ - Rejected row from data/imdb_movie_dataset.csv (Rank=318, Title=The Stakelander): Missing Revenue; Missing Metascore
2025-12-11 09:26:20,270 [WARNING] __main__ - Rejected row from data/imdb_movie_dataset.csv (Rank=336, Title=Before I Wake): Missing Revenue; Missing Metascore
2025-12-11 09:26:20,271 [WARNING] __main__ - Rejected row from data/imdb_movie_dataset.csv (Rank=338, Title=Tracktown): Missing Revenue
2025-12-11 09:26:20,272 [WARNING] __main__ - Rejected row from data/imdb_movie_dataset.csv (Rank=351, Title=Lady Macbeth): Missing Revenue
2025-12-11 09:26:20,273 [WARNING] __main__ - Rejected row from data/imdb_movie_dataset.csv (Rank=357, Title=Demain tout commence): Missing Revenue; Missing Metascore
2025-12-11 09:26:20,273 [WARNING] __main__ - Rejected row from data/imdb_movie_dataset.csv (Rank=368, Title=American Wrestler: The Wizard): Missing Revenue; Missing Metascore
2025-12-11 09:26:20,275 [WARNING] __main__ - Rejected row from data/imdb_movie_dataset.csv (Rank=383, Title=Hush): Missing Revenue
2025-12-11 09:26:20,276 [WARNING] __main__ - Rejected row from data/imdb_movie_dataset.csv (Rank=394, Title=Whisky Galore): Missing Revenue
2025-12-11 09:26:20,276 [WARNING] __main__ - Rejected row from data/imdb_movie_dataset.csv (Rank=399, Title=Absolutely Anything): Missing Revenue
2025-12-11 09:26:20,276 [WARNING] __main__ - Rejected row from data/imdb_movie_dataset.csv (Rank=402, Title=The Black Room): Missing Revenue
2025-12-11 09:26:20,276 [WARNING] __main__ - Rejected row from data/imdb_movie_dataset.csv (Rank=403, Title=Bronson): Missing Metascore
2025-12-11 09:26:20,277 [WARNING] __main__ - Rejected row from data/imdb_movie_dataset.csv (Rank=414, Title=Elle): Missing Revenue
2025-12-11 09:26:20,278 [WARNING] __main__ - Rejected row from data/imdb_movie_dataset.csv (Rank=417, Title=The Headhunter's Calling): Missing Revenue
2025-12-11 09:26:20,278 [WARNING] __main__ - Rejected row from data/imdb_movie_dataset.csv (Rank=418, Title=Atonement): Missing Metascore
2025-12-11 09:26:20,279 [WARNING] __main__ - Rejected row from data/imdb_movie_dataset.csv (Rank=429, Title=Srpski film): Missing Revenue
2025-12-11 09:26:20,279 [WARNING] __main__ - Rejected row from data/imdb_movie_dataset.csv (Rank=430, Title=The Purge: Election Year): Missing Metascore
2025-12-11 09:26:20,279 [WARNING] __main__ - Rejected row from data/imdb_movie_dataset.csv (Rank=435, Title=Let Me Make You a Martyr): Missing Revenue
2025-12-11 09:26:20,279 [WARNING] __main__ - Rejected row from data/imdb_movie_dataset.csv (Rank=436, Title=Filth): Missing Metascore
2025-12-11 09:26:20,280 [WARNING] __main__ - Rejected row from data/imdb_movie_dataset.csv (Rank=440, Title=Folk Hero & Funny Guy): Missing Revenue
2025-12-11 09:26:20,280 [WARNING] __main__ - Rejected row from data/imdb_movie_dataset.csv (Rank=445, Title=The Thinning): Missing Revenue
2025-12-11 09:26:20,280 [WARNING] __main__ - Rejected row from data/imdb_movie_dataset.csv (Rank=446, Title=Silent Hill): Missing Metascore
2025-12-11 09:26:20,282 [WARNING] __main__ - Rejected row from data/imdb_movie_dataset.csv (Rank=464, Title=Predestination): Missing Revenue
2025-12-11 09:26:20,283 [WARNING] __main__ - Rejected row from data/imdb_movie_dataset.csv (Rank=478, Title=Pet): Missing Revenue
2025-12-11 09:26:20,283 [WARNING] __main__ - Rejected row from data/imdb_movie_dataset.csv (Rank=479, Title=Paint It Black): Missing Revenue
2025-12-11 09:26:20,283 [WARNING] __main__ - Rejected row from data/imdb_movie_dataset.csv (Rank=480, Title=Macbeth): Missing Revenue
2025-12-11 09:26:20,284 [WARNING] __main__ - Rejected row from data/imdb_movie_dataset.csv (Rank=484, Title=Perfetti sconosciuti): Missing Revenue
2025-12-11 09:26:20,284 [WARNING] __main__ - Rejected row from data/imdb_movie_dataset.csv (Rank=485, Title=Angry Birds): Missing Metascore
2025-12-11 09:26:20,286 [WARNING] __main__ - Rejected row from data/imdb_movie_dataset.csv (Rank=503, Title=Imperium): Missing Revenue
2025-12-11 09:26:20,286 [WARNING] __main__ - Rejected row from data/imdb_movie_dataset.csv (Rank=505, Title=Mr. Nobody): Missing Revenue
2025-12-11 09:26:20,286 [WARNING] __main__ - Rejected row from data/imdb_movie_dataset.csv (Rank=506, Title=City of Tiny Lights): Missing Revenue
2025-12-11 09:26:20,287 [WARNING] __main__ - Rejected row from data/imdb_movie_dataset.csv (Rank=515, Title=Magic Mike XXL): Missing Revenue
2025-12-11 09:26:20,288 [WARNING] __main__ - Rejected row from data/imdb_movie_dataset.csv (Rank=524, Title=Whiskey Tango Foxtrot): Missing Revenue; Missing Metascore
2025-12-11 09:26:20,288 [WARNING] __main__ - Rejected row from data/imdb_movie_dataset.csv (Rank=527, Title=Elysium): Missing Revenue; Missing Metascore
2025-12-11 09:26:20,288 [WARNING] __main__ - Rejected row from data/imdb_movie_dataset.csv (Rank=533, Title=Deja Vu): Missing Revenue; Missing Metascore
2025-12-11 09:26:20,289 [WARNING] __main__ - Rejected row from data/imdb_movie_dataset.csv (Rank=539, Title=True Crimes): Missing Revenue
2025-12-11 09:26:20,289 [WARNING] __main__ - Rejected row from data/imdb_movie_dataset.csv (Rank=540, Title=American Pastoral): Missing Revenue; Missing Metascore
2025-12-11 09:26:20,289 [WARNING] __main__ - Rejected row from data/imdb_movie_dataset.csv (Rank=543, Title=Spectral): Missing Revenue
2025-12-11 09:26:20,290 [WARNING] __main__ - Rejected row from data/imdb_movie_dataset.csv (Rank=544, Title=P.S. I Love You): Missing Metascore
2025-12-11 09:26:20,290 [WARNING] __main__ - Rejected row from data/imdb_movie_dataset.csv (Rank=545, Title=Zipper): Missing Revenue
2025-12-11 09:26:20,290 [WARNING] __main__ - Rejected row from data/imdb_movie_dataset.csv (Rank=550, Title=I, Daniel Blake): Missing Revenue
2025-12-11 09:26:20,290 [WARNING] __main__ - Rejected row from data/imdb_movie_dataset.csv (Rank=554, Title=The Survivalist): Missing Revenue
2025-12-11 09:26:20,291 [WARNING] __main__ - Rejected row from data/imdb_movie_dataset.csv (Rank=555, Title=Colonia): Missing Revenue
2025-12-11 09:26:20,293 [WARNING] __main__ - Rejected row from data/imdb_movie_dataset.csv (Rank=582, Title=The Last Airbender): Missing Revenue
2025-12-11 09:26:20,295 [WARNING] __main__ - Rejected row from data/imdb_movie_dataset.csv (Rank=603, Title=He's Just Not That Into You): Missing Revenue
2025-12-11 09:26:20,295 [WARNING] __main__ - Rejected row from data/imdb_movie_dataset.csv (Rank=606, Title=Handsome Devil): Missing Revenue; Missing Metascore
2025-12-11 09:26:20,295 [WARNING] __main__ - Rejected row from data/imdb_movie_dataset.csv (Rank=607, Title=Winter's Bone): Missing Revenue; Missing Metascore
2025-12-11 09:26:20,296 [WARNING] __main__ - Rejected row from data/imdb_movie_dataset.csv (Rank=618, Title=Free State of Jones): Missing Revenue; Missing Metascore
2025-12-11 09:26:20,297 [WARNING] __main__ - Rejected row from data/imdb_movie_dataset.csv (Rank=628, Title=The Escort): Missing Revenue
2025-12-11 09:26:20,297 [WARNING] __main__ - Rejected row from data/imdb_movie_dataset.csv (Rank=629, Title=The Whole Truth): Missing Revenue; Missing Metascore
2025-12-11 09:26:20,298 [WARNING] __main__ - Rejected row from data/imdb_movie_dataset.csv (Rank=634, Title=Megan Is Missing): Missing Revenue
2025-12-11 09:26:20,298 [WARNING] __main__ - Rejected row from data/imdb_movie_dataset.csv (Rank=635, Title=WALL·E): Missing Metascore
2025-12-11 09:26:20,298 [WARNING] __main__ - Rejected row from data/imdb_movie_dataset.csv (Rank=643, Title=The Ridiculous 6): Missing Revenue
2025-12-11 09:26:20,299 [WARNING] __main__ - Rejected row from data/imdb_movie_dataset.csv (Rank=645, Title=Viral): Missing Revenue
2025-12-11 09:26:20,299 [WARNING] __main__ - Rejected row from data/imdb_movie_dataset.csv (Rank=646, Title=Gran Torino): Missing Metascore
2025-12-11 09:26:20,299 [WARNING] __main__ - Rejected row from data/imdb_movie_dataset.csv (Rank=648, Title=Tall Men): Missing Revenue
2025-12-11 09:26:20,299 [WARNING] __main__ - Rejected row from data/imdb_movie_dataset.csv (Rank=649, Title=Sleeping Beauty): Missing Metascore
2025-12-11 09:26:20,299 [WARNING] __main__ - Rejected row from data/imdb_movie_dataset.csv (Rank=652, Title=Solace): Missing Revenue
2025-12-11 09:26:20,300 [WARNING] __main__ - Rejected row from data/imdb_movie_dataset.csv (Rank=655, Title=The Levelling): Missing Revenue
2025-12-11 09:26:20,301 [WARNING] __main__ - Rejected row from data/imdb_movie_dataset.csv (Rank=671, Title=Devil's Knot): Missing Revenue
2025-12-11 09:26:20,301 [WARNING] __main__ - Rejected row from data/imdb_movie_dataset.csv (Rank=675, Title=War on Everyone): Missing Revenue
2025-12-11 09:26:20,303 [WARNING] __main__ - Rejected row from data/imdb_movie_dataset.csv (Rank=693, Title=Genius): Missing Metascore
2025-12-11 09:26:20,303 [WARNING] __main__ - Rejected row from data/imdb_movie_dataset.csv (Rank=696, Title=Hachi: A Dog's Tale): Missing Revenue
2025-12-11 09:26:20,303 [WARNING] __main__ - Rejected row from data/imdb_movie_dataset.csv (Rank=697, Title=10 Years): Missing Metascore
2025-12-11 09:26:20,304 [WARNING] __main__ - Rejected row from data/imdb_movie_dataset.csv (Rank=700, Title=The Matchbreaker): Missing Revenue
2025-12-11 09:26:20,304 [WARNING] __main__ - Rejected row from data/imdb_movie_dataset.csv (Rank=701, Title=Funny Games): Missing Metascore
2025-12-11 09:26:20,304 [WARNING] __main__ - Rejected row from data/imdb_movie_dataset.csv (Rank=706, Title=The Neighbor): Missing Revenue
2025-12-11 09:26:20,304 [WARNING] __main__ - Rejected row from data/imdb_movie_dataset.csv (Rank=707, Title=The Adjustment Bureau): Missing Metascore
2025-12-11 09:26:20,307 [WARNING] __main__ - Rejected row from data/imdb_movie_dataset.csv (Rank=733, Title=This Beautiful Fantastic): Missing Revenue
2025-12-11 09:26:20,308 [WARNING] __main__ - Rejected row from data/imdb_movie_dataset.csv (Rank=747, Title=Only for One Night): Missing Revenue
2025-12-11 09:26:20,308 [WARNING] __main__ - Rejected row from data/imdb_movie_dataset.csv (Rank=748, Title=Rules Don't Apply): Missing Metascore
2025-12-11 09:26:20,308 [WARNING] __main__ - Rejected row from data/imdb_movie_dataset.csv (Rank=755, Title=Lída Baarová): Missing Revenue
2025-12-11 09:26:20,309 [WARNING] __main__ - Rejected row from data/imdb_movie_dataset.csv (Rank=756, Title=The Road): Missing Metascore
2025-12-11 09:26:20,309 [WARNING] __main__ - Rejected row from data/imdb_movie_dataset.csv (Rank=757, Title=Lavender): Missing Revenue
2025-12-11 09:26:20,309 [WARNING] __main__ - Rejected row from data/imdb_movie_dataset.csv (Rank=758, Title=Deuces): Missing Revenue
2025-12-11 09:26:20,309 [WARNING] __main__ - Rejected row from data/imdb_movie_dataset.csv (Rank=759, Title=Conan the Barbarian): Missing Metascore
2025-12-11 09:26:20,310 [WARNING] __main__ - Rejected row from data/imdb_movie_dataset.csv (Rank=767, Title=Ender's Game): Missing Metascore
2025-12-11 09:26:20,310 [WARNING] __main__ - Rejected row from data/imdb_movie_dataset.csv (Rank=772, Title=The Assignment): Missing Revenue
2025-12-11 09:26:20,311 [WARNING] __main__ - Rejected row from data/imdb_movie_dataset.csv (Rank=778, Title=Final Girl): Missing Revenue
2025-12-11 09:26:20,311 [WARNING] __main__ - Rejected row from data/imdb_movie_dataset.csv (Rank=779, Title=Chalk It Up): Missing Revenue; Missing Metascore
2025-12-11 09:26:20,311 [WARNING] __main__ - Rejected row from data/imdb_movie_dataset.csv (Rank=780, Title=The Man Who Knew Infinity): Missing Metascore
2025-12-11 09:26:20,311 [WARNING] __main__ - Rejected row from data/imdb_movie_dataset.csv (Rank=784, Title=Tramps): Missing Revenue
2025-12-11 09:26:20,311 [WARNING] __main__ - Rejected row from data/imdb_movie_dataset.csv (Rank=787, Title=The Secret Scripture): Missing Revenue
2025-12-11 09:26:20,313 [WARNING] __main__ - Rejected row from data/imdb_movie_dataset.csv (Rank=801, Title=Yoga Hosers): Missing Revenue
2025-12-11 09:26:20,313 [WARNING] __main__ - Rejected row from data/imdb_movie_dataset.csv (Rank=810, Title=USS Indianapolis: Men of Courage): Missing Revenue
2025-12-11 09:26:20,314 [WARNING] __main__ - Rejected row from data/imdb_movie_dataset.csv (Rank=817, Title=I.T.): Missing Revenue
2025-12-11 09:26:20,314 [WARNING] __main__ - Rejected row from data/imdb_movie_dataset.csv (Rank=820, Title=Wolves at the Door): Missing Revenue
2025-12-11 09:26:20,315 [WARNING] __main__ - Rejected row from data/imdb_movie_dataset.csv (Rank=821, Title=Suite Française): Missing Revenue; Missing Metascore
2025-12-11 09:26:20,315 [WARNING] __main__ - Rejected row from data/imdb_movie_dataset.csv (Rank=825, Title=Man Down): Missing Revenue
2025-12-11 09:26:20,315 [WARNING] __main__ - Rejected row from data/imdb_movie_dataset.csv (Rank=826, Title=Crawlspace): Missing Revenue
2025-12-11 09:26:20,315 [WARNING] __main__ - Rejected row from data/imdb_movie_dataset.csv (Rank=827, Title=Shut In): Missing Metascore
2025-12-11 09:26:20,315 [WARNING] __main__ - Rejected row from data/imdb_movie_dataset.csv (Rank=828, Title=The Warriors Gate): Missing Revenue
2025-12-11 09:26:20,315 [WARNING] __main__ - Rejected row from data/imdb_movie_dataset.csv (Rank=829, Title=Grindhouse): Missing Metascore
2025-12-11 09:26:20,316 [WARNING] __main__ - Rejected row from data/imdb_movie_dataset.csv (Rank=839, Title=Exposed): Missing Revenue
2025-12-11 09:26:20,316 [WARNING] __main__ - Rejected row from data/imdb_movie_dataset.csv (Rank=840, Title=Maudie): Missing Revenue
2025-12-11 09:26:20,317 [WARNING] __main__ - Rejected row from data/imdb_movie_dataset.csv (Rank=849, Title=Mean Dreams): Missing Revenue
2025-12-11 09:26:20,318 [WARNING] __main__ - Rejected row from data/imdb_movie_dataset.csv (Rank=862, Title=Koe no katachi): Missing Revenue
2025-12-11 09:26:20,319 [WARNING] __main__ - Rejected row from data/imdb_movie_dataset.csv (Rank=865, Title=The 9th Life of Louis Drax): Missing Revenue
2025-12-11 09:26:20,321 [WARNING] __main__ - Rejected row from data/imdb_movie_dataset.csv (Rank=891, Title=The Intent): Missing Revenue
2025-12-11 09:26:20,321 [WARNING] __main__ - Rejected row from data/imdb_movie_dataset.csv (Rank=892, Title=This Is 40): Missing Metascore
2025-12-11 09:26:20,321 [WARNING] __main__ - Rejected row from data/imdb_movie_dataset.csv (Rank=896, Title=Planet Terror): Missing Revenue
2025-12-11 09:26:20,321 [WARNING] __main__ - Rejected row from data/imdb_movie_dataset.csv (Rank=897, Title=Concussion): Missing Metascore
2025-12-11 09:26:20,322 [WARNING] __main__ - Rejected row from data/imdb_movie_dataset.csv (Rank=906, Title=In Dubious Battle): Missing Revenue
2025-12-11 09:26:20,323 [WARNING] __main__ - Rejected row from data/imdb_movie_dataset.csv (Rank=912, Title=I Am the Pretty Thing That Lives in the House): Missing Revenue
2025-12-11 09:26:20,323 [WARNING] __main__ - Rejected row from data/imdb_movie_dataset.csv (Rank=918, Title=The Girl Next Door): Missing Revenue
2025-12-11 09:26:20,324 [WARNING] __main__ - Rejected row from data/imdb_movie_dataset.csv (Rank=929, Title=Good Kids): Missing Revenue
2025-12-11 09:26:20,324 [WARNING] __main__ - Rejected row from data/imdb_movie_dataset.csv (Rank=930, Title=The Master): Missing Metascore
2025-12-11 09:26:20,325 [WARNING] __main__ - Rejected row from data/imdb_movie_dataset.csv (Rank=933, Title=The Ticket): Missing Revenue
2025-12-11 09:26:20,325 [WARNING] __main__ - Rejected row from data/imdb_movie_dataset.csv (Rank=934, Title=Detour): Missing Revenue
2025-12-11 09:26:20,325 [WARNING] __main__ - Rejected row from data/imdb_movie_dataset.csv (Rank=939, Title=The Siege of Jadotville): Missing Revenue
2025-12-11 09:26:20,325 [WARNING] __main__ - Rejected row from data/imdb_movie_dataset.csv (Rank=940, Title=Up in the Air): Missing Metascore
2025-12-11 09:26:20,326 [WARNING] __main__ - Rejected row from data/imdb_movie_dataset.csv (Rank=943, Title=Transpecos): Missing Revenue
2025-12-11 09:26:20,326 [WARNING] __main__ - Rejected row from data/imdb_movie_dataset.csv (Rank=946, Title=Triangle): Missing Revenue
2025-12-11 09:26:20,326 [WARNING] __main__ - Rejected row from data/imdb_movie_dataset.csv (Rank=947, Title=The Butler): Missing Metascore
2025-12-11 09:26:20,328 [WARNING] __main__ - Rejected row from data/imdb_movie_dataset.csv (Rank=965, Title=Custody): Missing Revenue
2025-12-11 09:26:20,328 [WARNING] __main__ - Rejected row from data/imdb_movie_dataset.csv (Rank=966, Title=Inland Empire): Missing Revenue; Missing Metascore
2025-12-11 09:26:20,328 [WARNING] __main__ - Rejected row from data/imdb_movie_dataset.csv (Rank=967, Title=L'odyssée): Missing Revenue
2025-12-11 09:26:20,328 [WARNING] __main__ - Rejected row from data/imdb_movie_dataset.csv (Rank=968, Title=The Walk): Missing Metascore
2025-12-11 09:26:20,328 [WARNING] __main__ - Rejected row from data/imdb_movie_dataset.csv (Rank=969, Title=Wrecker): Missing Revenue
2025-12-11 09:26:20,328 [WARNING] __main__ - Rejected row from data/imdb_movie_dataset.csv (Rank=970, Title=The Lone Ranger): Missing Metascore
2025-12-11 09:26:20,329 [WARNING] __main__ - Rejected row from data/imdb_movie_dataset.csv (Rank=972, Title=Disturbia): Missing Metascore
2025-12-11 09:26:20,329 [WARNING] __main__ - Rejected row from data/imdb_movie_dataset.csv (Rank=977, Title=Dark Places): Missing Revenue
2025-12-11 09:26:20,329 [WARNING] __main__ - Rejected row from data/imdb_movie_dataset.csv (Rank=978, Title=Amateur Night): Missing Revenue
2025-12-11 09:26:20,329 [WARNING] __main__ - Rejected row from data/imdb_movie_dataset.csv (Rank=979, Title=It's Only the End of the World): Missing Revenue
2025-12-11 09:26:20,330 [WARNING] __main__ - Rejected row from data/imdb_movie_dataset.csv (Rank=989, Title=Martyrs): Missing Revenue
2025-12-11 09:26:20,330 [WARNING] __main__ - Rejected row from data/imdb_movie_dataset.csv (Rank=990, Title=Selma): Missing Metascore
2025-12-11 09:26:20,331 [WARNING] __main__ - Rejected row from data/imdb_movie_dataset.csv (Rank=993, Title=Take Me Home Tonight): Missing Metascore
2025-12-11 09:26:20,331 [WARNING] __main__ - Rejected row from data/imdb_movie_dataset.csv (Rank=996, Title=Secret in Their Eyes): Missing Revenue
2025-12-11 09:26:20,331 [WARNING] __main__ - Rejected row from data/imdb_movie_dataset.csv (Rank=999, Title=Search Party): Missing Revenue
2025-12-11 09:26:20,333 [INFO] __main__ - Run complete: inserted=838, rejected=162
2025-12-11 09:26:20,380 [INFO] __main__ - Exported 1676 cleaned rows to outputs/clean_imdb_movies.csv
2025-12-11 09:29:07,468 [WARNING] __main__ - Rejected row from data/imdb_movie_dataset.csv (Rank=8, Title=Mindhorn): Missing Revenue
2025-12-11 09:29:07,472 [WARNING] __main__ - Rejected row from data/imdb_movie_dataset.csv (Rank=23, Title=Hounds of Love): Missing Revenue
2025-12-11 09:29:07,473 [WARNING] __main__ - Rejected row from data/imdb_movie_dataset.csv (Rank=26, Title=Paris pieds nus): Missing Revenue; Missing Metascore
2025-12-11 09:29:07,473 [WARNING] __main__ - Rejected row from data/imdb_movie_dataset.csv (Rank=27, Title=Bahubali: The Beginning): Missing Metascore
2025-12-11 09:29:07,474 [WARNING] __main__ - Rejected row from data/imdb_movie_dataset.csv (Rank=28, Title=Dead Awake): Missing Metascore
2025-12-11 09:29:07,476 [WARNING] __main__ - Rejected row from data/imdb_movie_dataset.csv (Rank=40, Title=5- 25- 77): Missing Revenue; Missing Metascore
2025-12-11 09:29:07,477 [WARNING] __main__ - Rejected row from data/imdb_movie_dataset.csv (Rank=43, Title=Don't Fuck in the Woods): Missing Revenue; Missing Metascore
2025-12-11 09:29:07,478 [WARNING] __main__ - Rejected row from data/imdb_movie_dataset.csv (Rank=48, Title=Fallen): Missing Revenue; Missing Metascore
2025-12-11 09:29:07,479 [WARNING] __main__ - Rejected row from data/imdb_movie_dataset.csv (Rank=50, Title=The Last Face): Missing Revenue
2025-12-11 09:29:07,481 [WARNING] __main__ - Rejected row from data/imdb_movie_dataset.csv (Rank=62, Title=The Autopsy of Jane Doe): Missing Revenue
2025-12-11 09:29:07,483 [WARNING] __main__ - Rejected row from data/imdb_movie_dataset.csv (Rank=71, Title=The Promise): Missing Revenue
2025-12-11 09:29:07,488 [WARNING] __main__ - Rejected row from data/imdb_movie_dataset.csv (Rank=104, Title=Contratiempo): Missing Revenue; Missing Metascore
2025-12-11 09:29:07,489 [WARNING] __main__ - Rejected row from data/imdb_movie_dataset.csv (Rank=109, Title=All We Had): Missing Revenue
2025-12-11 09:29:07,490 [WARNING] __main__ - Rejected row from data/imdb_movie_dataset.csv (Rank=113, Title=The Bad Batch): Missing Revenue
2025-12-11 09:29:07,491 [WARNING] __main__ - Rejected row from data/imdb_movie_dataset.csv (Rank=118, Title=Dangal): Missing Metascore
2025-12-11 09:29:07,492 [WARNING] __main__ - Rejected row from data/imdb_movie_dataset.csv (Rank=124, Title=Boyka: Undisputed IV): Missing Revenue; Missing Metascore
2025-12-11 09:29:07,494 [WARNING] __main__ - Rejected row from data/imdb_movie_dataset.csv (Rank=140, Title=Brimstone): Missing Revenue
2025-12-11 09:29:07,496 [WARNING] __main__ - Rejected row from data/imdb_movie_dataset.csv (Rank=155, Title=Twin Peaks: The Missing Pieces): Missing Revenue; Missing Metascore
2025-12-11 09:29:07,496 [WARNING] __main__ - Rejected row from data/imdb_movie_dataset.csv (Rank=161, Title=Mine): Missing Revenue
2025-12-11 09:29:07,498 [WARNING] __main__ - Rejected row from data/imdb_movie_dataset.csv (Rank=173, Title=Beyond the Gates): Missing Revenue
2025-12-11 09:29:07,499 [WARNING] __main__ - Rejected row from data/imdb_movie_dataset.csv (Rank=184, Title=Realive): Missing Revenue; Missing Metascore
2025-12-11 09:29:07,499 [WARNING] __main__ - Rejected row from data/imdb_movie_dataset.csv (Rank=186, Title=Love): Missing Revenue
2025-12-11 09:29:07,499 [WARNING] __main__ - Rejected row from data/imdb_movie_dataset.csv (Rank=192, Title=Below Her Mouth): Missing Revenue
2025-12-11 09:29:07,500 [WARNING] __main__ - Rejected row from data/imdb_movie_dataset.csv (Rank=197, Title=Hacker): Missing Revenue; Missing Metascore
2025-12-11 09:29:07,501 [WARNING] __main__ - Rejected row from data/imdb_movie_dataset.csv (Rank=210, Title=The Girl with All the Gifts): Missing Revenue
2025-12-11 09:29:07,502 [WARNING] __main__ - Rejected row from data/imdb_movie_dataset.csv (Rank=214, Title=Old Boy): Missing Revenue
2025-12-11 09:29:07,502 [WARNING] __main__ - Rejected row from data/imdb_movie_dataset.csv (Rank=219, Title=A Dark Song): Missing Revenue
2025-12-11 09:29:07,503 [WARNING] __main__ - Rejected row from data/imdb_movie_dataset.csv (Rank=230, Title=Rupture): Missing Revenue
2025-12-11 09:29:07,507 [WARNING] __main__ - Rejected row from data/imdb_movie_dataset.csv (Rank=270, Title=Satanic): Missing Revenue; Missing Metascore
2025-12-11 09:29:07,507 [WARNING] __main__ - Rejected row from data/imdb_movie_dataset.csv (Rank=275, Title=Ballerina): Missing Revenue; Missing Metascore
2025-12-11 09:29:07,508 [WARNING] __main__ - Rejected row from data/imdb_movie_dataset.csv (Rank=283, Title=Death Proof): Missing Revenue; Missing Metascore
2025-12-11 09:29:07,509 [WARNING] __main__ - Rejected row from data/imdb_movie_dataset.csv (Rank=290, Title=Iris): Missing Revenue; Missing Metascore
2025-12-11 09:29:07,509 [WARNING] __main__ - Rejected row from data/imdb_movie_dataset.csv (Rank=294, Title=The Exception): Missing Revenue; Missing Metascore
2025-12-11 09:29:07,510 [WARNING] __main__ - Rejected row from data/imdb_movie_dataset.csv (Rank=308, Title=Vincent N Roxxy): Missing Revenue; Missing Metascore
2025-12-11 09:29:07,511 [WARNING] __main__ - Rejected row from data/imdb_movie_dataset.csv (Rank=318, Title=The Stakelander): Missing Revenue; Missing Metascore
2025-12-11 09:29:07,513 [WARNING] __main__ - Rejected row from data/imdb_movie_dataset.csv (Rank=336, Title=Before I Wake): Missing Revenue; Missing Metascore
2025-12-11 09:29:07,513 [WARNING] __main__ - Rejected row from data/imdb_movie_dataset.csv (Rank=338, Title=Tracktown): Missing Revenue
2025-12-11 09:29:07,515 [WARNING] __main__ - Rejected row from data/imdb_movie_dataset.csv (Rank=351, Title=Lady Macbeth): Missing Revenue
2025-12-11 09:29:07,515 [WARNING] __main__ - Rejected row from data/imdb_movie_dataset.csv (Rank=357, Title=Demain tout commence): Missing Revenue; Missing Metascore
2025-12-11 09:29:07,516 [WARNING] __main__ - Rejected row from data/imdb_movie_dataset.csv (Rank=368, Title=American Wrestler: The Wizard): Missing Revenue; Missing Metascore
2025-12-11 09:29:07,518 [WARNING] __main__ - Rejected row from data/imdb_movie_dataset.csv (Rank=383, Title=Hush): Missing Revenue
2025-12-11 09:29:07,519 [WARNING] __main__ - Rejected row from data/imdb_movie_dataset.csv (Rank=394, Title=Whisky Galore): Missing Revenue
2025-12-11 09:29:07,519 [WARNING] __main__ - Rejected row from data/imdb_movie_dataset.csv (Rank=399, Title=Absolutely Anything): Missing Revenue
2025-12-11 09:29:07,520 [WARNING] __main__ - Rejected row from data/imdb_movie_dataset.csv (Rank=402, Title=The Black Room): Missing Revenue
2025-12-11 09:29:07,520 [WARNING] __main__ - Rejected row from data/imdb_movie_dataset.csv (Rank=403, Title=Bronson): Missing Metascore
2025-12-11 09:29:07,521 [WARNING] __main__ - Rejected row from data/imdb_movie_dataset.csv (Rank=414, Title=Elle): Missing Revenue
2025-12-11 09:29:07,521 [WARNING] __main__ - Rejected row from data/imdb_movie_dataset.csv (Rank=417, Title=The Headhunter's Calling): Missing Revenue
2025-12-11 09:29:07,521 [WARNING] __main__ - Rejected row from data/imdb_movie_dataset.csv (Rank=418, Title=Atonement): Missing Metascore
2025-12-11 09:29:07,522 [WARNING] __main__ - Rejected row from data/imdb_movie_dataset.csv (Rank=429, Title=Srpski film): Missing Revenue
2025-12-11 09:29:07,522 [WARNING] __main__ - Rejected row from data/imdb_movie_dataset.csv (Rank=430, Title=The Purge: Election Year): Missing Metascore
2025-12-11 09:29:07,523 [WARNING] __main__ - Rejected row from data/imdb_movie_dataset.csv (Rank=435, Title=Let Me Make You a Martyr): Missing Revenue
2025-12-11 09:29:07,523 [WARNING] __main__ - Rejected row from data/imdb_movie_dataset.csv (Rank=436, Title=Filth): Missing Metascore
2025-12-11 09:29:07,523 [WARNING] __main__ - Rejected row from data/imdb_movie_dataset.csv (Rank=440, Title=Folk Hero & Funny Guy): Missing Revenue
2025-12-11 09:29:07,524 [WARNING] __main__ - Rejected row from data/imdb_movie_dataset.csv (Rank=445, Title=The Thinning): Missing Revenue
2025-12-11 09:29:07,524 [WARNING] __main__ - Rejected row from data/imdb_movie_dataset.csv (Rank=446, Title=Silent Hill): Missing Metascore
2025-12-11 09:29:07,526 [WARNING] __main__ - Rejected row from data/imdb_movie_dataset.csv (Rank=464, Title=Predestination): Missing Revenue
2025-12-11 09:29:07,527 [WARNING] __main__ - Rejected row from data/imdb_movie_dataset.csv (Rank=478, Title=Pet): Missing Revenue
2025-12-11 09:29:07,527 [WARNING] __main__ - Rejected row from data/imdb_movie_dataset.csv (Rank=479, Title=Paint It Black): Missing Revenue
2025-12-11 09:29:07,527 [WARNING] __main__ - Rejected row from data/imdb_movie_dataset.csv (Rank=480, Title=Macbeth): Missing Revenue
2025-12-11 09:29:07,528 [WARNING] __main__ - Rejected row from data/imdb_movie_dataset.csv (Rank=484, Title=Perfetti sconosciuti): Missing Revenue
2025-12-11 09:29:07,528 [WARNING] __main__ - Rejected row from data/imdb_movie_dataset.csv (Rank=485, Title=Angry Birds): Missing Metascore
2025-12-11 09:29:07,530 [WARNING] __main__ - Rejected row from data/imdb_movie_dataset.csv (Rank=503, Title=Imperium): Missing Revenue
2025-12-11 09:29:07,530 [WARNING] __main__ - Rejected row from data/imdb_movie_dataset.csv (Rank=505, Title=Mr. Nobody): Missing Revenue
2025-12-11 09:29:07,530 [WARNING] __main__ - Rejected row from data/imdb_movie_dataset.csv (Rank=506, Title=City of Tiny Lights): Missing Revenue
2025-12-11 09:29:07,531 [WARNING] __main__ - Rejected row from data/imdb_movie_dataset.csv (Rank=515, Title=Magic Mike XXL): Missing Revenue
2025-12-11 09:29:07,532 [WARNING] __main__ - Rejected row from data/imdb_movie_dataset.csv (Rank=524, Title=Whiskey Tango Foxtrot): Missing Revenue; Missing Metascore
2025-12-11 09:29:07,532 [WARNING] __main__ - Rejected row from data/imdb_movie_dataset.csv (Rank=527, Title=Elysium): Missing Revenue; Missing Metascore
2025-12-11 09:29:07,532 [WARNING] __main__ - Rejected row from data/imdb_movie_dataset.csv (Rank=533, Title=Deja Vu): Missing Revenue; Missing Metascore
2025-12-11 09:29:07,533 [WARNING] __main__ - Rejected row from data/imdb_movie_dataset.csv (Rank=539, Title=True Crimes): Missing Revenue
2025-12-11 09:29:07,533 [WARNING] __main__ - Rejected row from data/imdb_movie_dataset.csv (Rank=540, Title=American Pastoral): Missing Revenue; Missing Metascore
2025-12-11 09:29:07,533 [WARNING] __main__ - Rejected row from data/imdb_movie_dataset.csv (Rank=543, Title=Spectral): Missing Revenue
2025-12-11 09:29:07,534 [WARNING] __main__ - Rejected row from data/imdb_movie_dataset.csv (Rank=544, Title=P.S. I Love You): Missing Metascore
2025-12-11 09:29:07,534 [WARNING] __main__ - Rejected row from data/imdb_movie_dataset.csv (Rank=545, Title=Zipper): Missing Revenue
2025-12-11 09:29:07,534 [WARNING] __main__ - Rejected row from data/imdb_movie_dataset.csv (Rank=550, Title=I, Daniel Blake): Missing Revenue
2025-12-11 09:29:07,535 [WARNING] __main__ - Rejected row from data/imdb_movie_dataset.csv (Rank=554, Title=The Survivalist): Missing Revenue
2025-12-11 09:29:07,535 [WARNING] __main__ - Rejected row from data/imdb_movie_dataset.csv (Rank=555, Title=Colonia): Missing Revenue
2025-12-11 09:29:07,537 [WARNING] __main__ - Rejected row from data/imdb_movie_dataset.csv (Rank=582, Title=The Last Airbender): Missing Revenue
2025-12-11 09:29:07,539 [WARNING] __main__ - Rejected row from data/imdb_movie_dataset.csv (Rank=603, Title=He's Just Not That Into You): Missing Revenue
2025-12-11 09:29:07,539 [WARNING] __main__ - Rejected row from data/imdb_movie_dataset.csv (Rank=606, Title=Handsome Devil): Missing Revenue; Missing Metascore
2025-12-11 09:29:07,539 [WARNING] __main__ - Rejected row from data/imdb_movie_dataset.csv (Rank=607, Title=Winter's Bone): Missing Revenue; Missing Metascore
2025-12-11 09:29:07,540 [WARNING] __main__ - Rejected row from data/imdb_movie_dataset.csv (Rank=618, Title=Free State of Jones): Missing Revenue; Missing Metascore
2025-12-11 09:29:07,541 [WARNING] __main__ - Rejected row from data/imdb_movie_dataset.csv (Rank=628, Title=The Escort): Missing Revenue
2025-12-11 09:29:07,541 [WARNING] __main__ - Rejected row from data/imdb_movie_dataset.csv (Rank=629, Title=The Whole Truth): Missing Revenue; Missing Metascore
2025-12-11 09:29:07,542 [WARNING] __main__ - Rejected row from data/imdb_movie_dataset.csv (Rank=634, Title=Megan Is Missing): Missing Revenue
2025-12-11 09:29:07,542 [WARNING] __main__ - Rejected row from data/imdb_movie_dataset.csv (Rank=635, Title=WALL·E): Missing Metascore
2025-12-11 09:29:07,543 [WARNING] __main__ - Rejected row from data/imdb_movie_dataset.csv (Rank=643, Title=The Ridiculous 6): Missing Revenue
2025-12-11 09:29:07,543 [WARNING] __main__ - Rejected row from data/imdb_movie_dataset.csv (Rank=645, Title=Viral): Missing Revenue
2025-12-11 09:29:07,543 [WARNING] __main__ - Rejected row from data/imdb_movie_dataset.csv (Rank=646, Title=Gran Torino): Missing Metascore
2025-12-11 09:29:07,543 [WARNING] __main__ - Rejected row from data/imdb_movie_dataset.csv (Rank=648, Title=Tall Men): Missing Revenue
2025-12-11 09:29:07,543 [WARNING] __main__ - Rejected row from data/imdb_movie_dataset.csv (Rank=649, Title=Sleeping Beauty): Missing Metascore
2025-12-11 09:29:07,544 [WARNING] __main__ - Rejected row from data/imdb_movie_dataset.csv (Rank=652, Title=Solace): Missing Revenue
2025-12-11 09:29:07,544 [WARNING] __main__ - Rejected row from data/imdb_movie_dataset.csv (Rank=655, Title=The Levelling): Missing Revenue
2025-12-11 09:29:07,545 [WARNING] __main__ - Rejected row from data/imdb_movie_dataset.csv (Rank=671, Title=Devil's Knot): Missing Revenue
2025-12-11 09:29:07,546 [WARNING] __main__ - Rejected row from data/imdb_movie_dataset.csv (Rank=675, Title=War on Everyone): Missing Revenue
2025-12-11 09:29:07,547 [WARNING] __main__ - Rejected row from data/imdb_movie_dataset.csv (Rank=693, Title=Genius): Missing Metascore
2025-12-11 09:29:07,548 [WARNING] __main__ - Rejected row from data/imdb_movie_dataset.csv (Rank=696, Title=Hachi: A Dog's Tale): Missing Revenue
2025-12-11 09:29:07,548 [WARNING] __main__ - Rejected row from data/imdb_movie_dataset.csv (Rank=697, Title=10 Years): Missing Metascore
2025-12-11 09:29:07,548 [WARNING] __main__ - Rejected row from data/imdb_movie_dataset.csv (Rank=700, Title=The Matchbreaker): Missing Revenue
2025-12-11 09:29:07,548 [WARNING] __main__ - Rejected row from data/imdb_movie_dataset.csv (Rank=701, Title=Funny Games): Missing Metascore
2025-12-11 09:29:07,549 [WARNING] __main__ - Rejected row from data/imdb_movie_dataset.csv (Rank=706, Title=The Neighbor): Missing Revenue
2025-12-11 09:29:07,549 [WARNING] __main__ - Rejected row from data/imdb_movie_dataset.csv (Rank=707, Title=The Adjustment Bureau): Missing Metascore
2025-12-11 09:29:07,551 [WARNING] __main__ - Rejected row from data/imdb_movie_dataset.csv (Rank=733, Title=This Beautiful Fantastic): Missing Revenue
2025-12-11 09:29:07,552 [WARNING] __main__ - Rejected row from data/imdb_movie_dataset.csv (Rank=747, Title=Only for One Night): Missing Revenue
2025-12-11 09:29:07,553 [WARNING] __main__ - Rejected row from data/imdb_movie_dataset.csv (Rank=748, Title=Rules Don't Apply): Missing Metascore
2025-12-11 09:29:07,553 [WARNING] __main__ - Rejected row from data/imdb_movie_dataset.csv (Rank=755, Title=Lída Baarová): Missing Revenue
2025-12-11 09:29:07,553 [WARNING] __main__ - Rejected row from data/imdb_movie_dataset.csv (Rank=756, Title=The Road): Missing Metascore
2025-12-11 09:29:07,554 [WARNING] __main__ - Rejected row from data/imdb_movie_dataset.csv (Rank=757, Title=Lavender): Missing Revenue
2025-12-11 09:29:07,554 [WARNING] __main__ - Rejected row from data/imdb_movie_dataset.csv (Rank=758, Title=Deuces): Missing Revenue
2025-12-11 09:29:07,554 [WARNING] __main__ - Rejected row from data/imdb_movie_dataset.csv (Rank=759, Title=Conan the Barbarian): Missing Metascore
2025-12-11 09:29:07,555 [WARNING] __main__ - Rejected row from data/imdb_movie_dataset.csv (Rank=767, Title=Ender's Game): Missing Metascore
2025-12-11 09:29:07,555 [WARNING] __main__ - Rejected row from data/imdb_movie_dataset.csv (Rank=772, Title=The Assignment): Missing Revenue
2025-12-11 09:29:07,556 [WARNING] __main__ - Rejected row from data/imdb_movie_dataset.csv (Rank=778, Title=Final Girl): Missing Revenue
2025-12-11 09:29:07,556 [WARNING] __main__ - Rejected row from data/imdb_movie_dataset.csv (Rank=779, Title=Chalk It Up): Missing Revenue; Missing Metascore
2025-12-11 09:29:07,556 [WARNING] __main__ - Rejected row from data/imdb_movie_dataset.csv (Rank=780, Title=The Man Who Knew Infinity): Missing Metascore
2025-12-11 09:29:07,556 [WARNING] __main__ - Rejected row from data/imdb_movie_dataset.csv (Rank=784, Title=Tramps): Missing Revenue
2025-12-11 09:29:07,556 [WARNING] __main__ - Rejected row from data/imdb_movie_dataset.csv (Rank=787, Title=The Secret Scripture): Missing Revenue
2025-12-11 09:29:07,558 [WARNING] __main__ - Rejected row from data/imdb_movie_dataset.csv (Rank=801, Title=Yoga Hosers): Missing Revenue
2025-12-11 09:29:07,558 [WARNING] __main__ - Rejected row from data/imdb_movie_dataset.csv (Rank=810, Title=USS Indianapolis: Men of Courage): Missing Revenue
2025-12-11 09:29:07,559 [WARNING] __main__ - Rejected row from data/imdb_movie_dataset.csv (Rank=817, Title=I.T.): Missing Revenue
2025-12-11 09:29:07,559 [WARNING] __main__ - Rejected row from data/imdb_movie_dataset.csv (Rank=820, Title=Wolves at the Door): Missing Revenue
2025-12-11 09:29:07,560 [WARNING] __main__ - Rejected row from data/imdb_movie_dataset.csv (Rank=821, Title=Suite Française): Missing Revenue; Missing Metascore
2025-12-11 09:29:07,560 [WARNING] __main__ - Rejected row from data/imdb_movie_dataset.csv (Rank=825, Title=Man Down): Missing Revenue
2025-12-11 09:29:07,560 [WARNING] __main__ - Rejected row from data/imdb_movie_dataset.csv (Rank=826, Title=Crawlspace): Missing Revenue
2025-12-11 09:29:07,560 [WARNING] __main__ - Rejected row from data/imdb_movie_dataset.csv (Rank=827, Title=Shut In): Missing Metascore
2025-12-11 09:29:07,560 [WARNING] __main__ - Rejected row from data/imdb_movie_dataset.csv (Rank=828, Title=The Warriors Gate): Missing Revenue
2025-12-11 09:29:07,560 [WARNING] __main__ - Rejected row from data/imdb_movie_dataset.csv (Rank=829, Title=Grindhouse): Missing Metascore
2025-12-11 09:29:07,561 [WARNING] __main__ - Rejected row from data/imdb_movie_dataset.csv (Rank=839, Title=Exposed): Missing Revenue
2025-12-11 09:29:07,561 [WARNING] __main__ - Rejected row from data/imdb_movie_dataset.csv (Rank=840, Title=Maudie): Missing Revenue
2025-12-11 09:29:07,562 [WARNING] __main__ - Rejected row from data/imdb_movie_dataset.csv (Rank=849, Title=Mean Dreams): Missing Revenue
2025-12-11 09:29:07,563 [WARNING] __main__ - Rejected row from data/imdb_movie_dataset.csv (Rank=862, Title=Koe no katachi): Missing Revenue
2025-12-11 09:29:07,563 [WARNING] __main__ - Rejected row from data/imdb_movie_dataset.csv (Rank=865, Title=The 9th Life of Louis Drax): Missing Revenue
2025-12-11 09:29:07,566 [WARNING] __main__ - Rejected row from data/imdb_movie_dataset.csv (Rank=891, Title=The Intent): Missing Revenue
2025-12-11 09:29:07,566 [WARNING] __main__ - Rejected row from data/imdb_movie_dataset.csv (Rank=892, Title=This Is 40): Missing Metascore
2025-12-11 09:29:07,566 [WARNING] __main__ - Rejected row from data/imdb_movie_dataset.csv (Rank=896, Title=Planet Terror): Missing Revenue
2025-12-11 09:29:07,566 [WARNING] __main__ - Rejected row from data/imdb_movie_dataset.csv (Rank=897, Title=Concussion): Missing Metascore
2025-12-11 09:29:07,567 [WARNING] __main__ - Rejected row from data/imdb_movie_dataset.csv (Rank=906, Title=In Dubious Battle): Missing Revenue
2025-12-11 09:29:07,568 [WARNING] __main__ - Rejected row from data/imdb_movie_dataset.csv (Rank=912, Title=I Am the Pretty Thing That Lives in the House): Missing Revenue
2025-12-11 09:29:07,568 [WARNING] __main__ - Rejected row from data/imdb_movie_dataset.csv (Rank=918, Title=The Girl Next Door): Missing Revenue
2025-12-11 09:29:07,569 [WARNING] __main__ - Rejected row from data/imdb_movie_dataset.csv (Rank=929, Title=Good Kids): Missing Revenue
2025-12-11 09:29:07,569 [WARNING] __main__ - Rejected row from data/imdb_movie_dataset.csv (Rank=930, Title=The Master): Missing Metascore
2025-12-11 09:29:07,569 [WARNING] __main__ - Rejected row from data/imdb_movie_dataset.csv (Rank=933, Title=The Ticket): Missing Revenue
2025-12-11 09:29:07,570 [WARNING] __main__ - Rejected row from data/imdb_movie_dataset.csv (Rank=934, Title=Detour): Missing Revenue
2025-12-11 09:29:07,570 [WARNING] __main__ - Rejected row from data/imdb_movie_dataset.csv (Rank=939, Title=The Siege of Jadotville): Missing Revenue
2025-12-11 09:29:07,570 [WARNING] __main__ - Rejected row from data/imdb_movie_dataset.csv (Rank=940, Title=Up in the Air): Missing Metascore
2025-12-11 09:29:07,570 [WARNING] __main__ - Rejected row from data/imdb_movie_dataset.csv (Rank=943, Title=Transpecos): Missing Revenue
2025-12-11 09:29:07,571 [WARNING] __main__ - Rejected row from data/imdb_movie_dataset.csv (Rank=946, Title=Triangle): Missing Revenue
2025-12-11 09:29:07,571 [WARNING] __main__ - Rejected row from data/imdb_movie_dataset.csv (Rank=947, Title=The Butler): Missing Metascore
2025-12-11 09:29:07,572 [WARNING] __main__ - Rejected row from data/imdb_movie_dataset.csv (Rank=965, Title=Custody): Missing Revenue
2025-12-11 09:29:07,572 [WARNING] __main__ - Rejected row from data/imdb_movie_dataset.csv (Rank=966, Title=Inland Empire): Missing Revenue; Missing Metascore
2025-12-11 09:29:07,573 [WARNING] __main__ - Rejected row from data/imdb_movie_dataset.csv (Rank=967, Title=L'odyssée): Missing Revenue
2025-12-11 09:29:07,573 [WARNING] __main__ - Rejected row from data/imdb_movie_dataset.csv (Rank=968, Title=The Walk): Missing Metascore
2025-12-11 09:29:07,573 [WARNING] __main__ - Rejected row from data/imdb_movie_dataset.csv (Rank=969, Title=Wrecker): Missing Revenue
2025-12-11 09:29:07,573 [WARNING] __main__ - Rejected row from data/imdb_movie_dataset.csv (Rank=970, Title=The Lone Ranger): Missing Metascore
2025-12-11 09:29:07,573 [WARNING] __main__ - Rejected row from data/imdb_movie_dataset.csv (Rank=972, Title=Disturbia): Missing Metascore
2025-12-11 09:29:07,574 [WARNING] __main__ - Rejected row from data/imdb_movie_dataset.csv (Rank=977, Title=Dark Places): Missing Revenue
2025-12-11 09:29:07,574 [WARNING] __main__ - Rejected row from data/imdb_movie_dataset.csv (Rank=978, Title=Amateur Night): Missing Revenue
2025-12-11 09:29:07,574 [WARNING] __main__ - Rejected row from data/imdb_movie_dataset.csv (Rank=979, Title=It's Only the End of the World): Missing Revenue
2025-12-11 09:29:07,575 [WARNING] __main__ - Rejected row from data/imdb_movie_dataset.csv (Rank=989, Title=Martyrs): Missing Revenue
2025-12-11 09:29:07,575 [WARNING] __main__ - Rejected row from data/imdb_movie_dataset.csv (Rank=990, Title=Selma): Missing Metascore
2025-12-11 09:29:07,575 [WARNING] __main__ - Rejected row from data/imdb_movie_dataset.csv (Rank=993, Title=Take Me Home Tonight): Missing Metascore
2025-12-11 09:29:07,575 [WARNING] __main__ - Rejected row from data/imdb_movie_dataset.csv (Rank=996, Title=Secret in Their Eyes): Missing Revenue
2025-12-11 09:29:07,576 [WARNING] __main__ - Rejected row from data/imdb_movie_dataset.csv (Rank=999, Title=Search Party): Missing Revenue
2025-12-11 09:29:07,577 [INFO] __main__ - Run complete: inserted=838, rejected=162
2025-12-11 09:29:07,638 [INFO] __main__ - Exported 2514 cleaned rows to outputs/clean_imdb_movies.csv
